{
  "stats": {
    "suites": 1,
    "tests": 4,
    "passes": 0,
    "pending": 4,
    "failures": 0,
    "start": "2020-08-28T06:17:09.299Z",
    "end": "2020-08-28T06:17:09.339Z",
    "duration": 40,
    "testsRegistered": 4,
    "passPercent": null,
    "pendingPercent": 100,
    "other": 0,
    "hasOther": false,
    "skipped": 0,
    "hasSkipped": false
  },
  "results": [
    {
      "uuid": "a8c236e1-7f33-42eb-b752-da6f7e689426",
      "title": "",
      "fullFile": "",
      "file": "",
      "beforeHooks": [],
      "afterHooks": [],
      "tests": [],
      "suites": [
        {
          "uuid": "521382f7-a25c-40f1-9473-c7b464ad775a",
          "title": "employee",
          "fullFile": "C:\\Users\\papireddy\\Desktop\\test2\\project\\indextest.js",
          "file": "\\indextest.js",
          "beforeHooks": [],
          "afterHooks": [],
          "tests": [
            {
              "title": "should list ALL employees on /employee GET",
              "fullTitle": "employee should list ALL employees on /employee GET",
              "timedOut": false,
              "duration": 0,
              "state": "pending",
              "speed": null,
              "pass": false,
              "fail": false,
              "pending": true,
              "context": null,
              "code": "",
              "err": {},
              "uuid": "2f0b7b95-479a-44c4-952d-877fd3f2afa1",
              "parentUUID": "521382f7-a25c-40f1-9473-c7b464ad775a",
              "isHook": false,
              "skipped": false
            },
            {
              "title": "should add a  employee on /employees POST",
              "fullTitle": "employee should add a  employee on /employees POST",
              "timedOut": false,
              "duration": 0,
              "state": "pending",
              "speed": null,
              "pass": false,
              "fail": false,
              "pending": true,
              "context": null,
              "code": "",
              "err": {},
              "uuid": "839d2529-cfa8-4bc4-9d47-e0f1592334d7",
              "parentUUID": "521382f7-a25c-40f1-9473-c7b464ad775a",
              "isHook": false,
              "skipped": false
            },
            {
              "title": "should update a employee on /employees/<id> PUT",
              "fullTitle": "employee should update a employee on /employees/<id> PUT",
              "timedOut": false,
              "duration": 0,
              "state": "pending",
              "speed": null,
              "pass": false,
              "fail": false,
              "pending": true,
              "context": null,
              "code": "",
              "err": {},
              "uuid": "d43ba3b1-b821-4845-b83d-c0a7fb8fe0e2",
              "parentUUID": "521382f7-a25c-40f1-9473-c7b464ad775a",
              "isHook": false,
              "skipped": false
            },
            {
              "title": "should delete a employee on /employee/<id> DELETE",
              "fullTitle": "employee should delete a employee on /employee/<id> DELETE",
              "timedOut": false,
              "duration": 0,
              "state": "pending",
              "speed": null,
              "pass": false,
              "fail": false,
              "pending": true,
              "context": null,
              "code": "",
              "err": {},
              "uuid": "c544b604-bbac-40af-85ef-a53025a804e2",
              "parentUUID": "521382f7-a25c-40f1-9473-c7b464ad775a",
              "isHook": false,
              "skipped": false
            }
          ],
          "suites": [],
          "passes": [],
          "failures": [],
          "pending": [
            "2f0b7b95-479a-44c4-952d-877fd3f2afa1",
            "839d2529-cfa8-4bc4-9d47-e0f1592334d7",
            "d43ba3b1-b821-4845-b83d-c0a7fb8fe0e2",
            "c544b604-bbac-40af-85ef-a53025a804e2"
          ],
          "skipped": [],
          "duration": 0,
          "root": false,
          "rootEmpty": false,
          "_timeout": 10000
        }
      ],
      "passes": [],
      "failures": [],
      "pending": [],
      "skipped": [],
      "duration": 0,
      "root": true,
      "rootEmpty": true,
      "_timeout": 2000
    }
  ],
  "meta": {
    "mocha": {
      "version": "8.1.1"
    },
    "mochawesome": {
      "options": {
        "quiet": false,
        "reportFilename": "mochawesome",
        "saveHtml": true,
        "saveJson": true,
        "consoleReporter": "spec",
        "useInlineDiffs": false,
        "code": true
      },
      "version": "6.1.1"
    },
    "marge": {
      "options": null,
      "version": "5.1.0"
    }
  }
}